<?xml version="1.0" encoding="UTF-8" ?>
<testsuite errors="0" failures="0" hostname="MCPK01" name="calc.CalculatorTests" skipped="0" tests="2" time="0.11" timestamp="2017-12-13T05:24:58">
  <properties>
    <property name="java.vendor" value="Oracle Corporation" />
    <property name="env.RUN_DISPLAY_URL" value="http://localhost:8080/job/CalculatorProject/14/display/redirect" />
    <property name="env.JENKINS_SERVER_COOKIE" value="3453c49df9e3319c" />
    <property name="env.DEFLOGDIR" value="C:\ProgramData\McAfee\DesktopProtection" />
    <property name="sun.java.launcher" value="SUN_STANDARD" />
    <property name="sun.management.compiler" value="HotSpot Client Compiler" />
    <property name="env.BASE" value="C:\Users\pk\.jenkins" />
    <property name="env.PROMPT" value="$P$G" />
    <property name="os.name" value="Windows 7" />
    <property name="env.FP_NO_HOST_CHECK" value="NO" />
    <property name="sun.boot.class.path" value="C:\Program Files (x86)\Java\jdk1.8.0_144\jre\lib\resources.jar;C:\Program Files (x86)\Java\jdk1.8.0_144\jre\lib\rt.jar;C:\Program Files (x86)\Java\jdk1.8.0_144\jre\lib\sunrsasign.jar;C:\Program Files (x86)\Java\jdk1.8.0_144\jre\lib\jsse.jar;C:\Program Files (x86)\Java\jdk1.8.0_144\jre\lib\jce.jar;C:\Program Files (x86)\Java\jdk1.8.0_144\jre\lib\charsets.jar;C:\Program Files (x86)\Java\jdk1.8.0_144\jre\lib\jfr.jar;C:\Program Files (x86)\Java\jdk1.8.0_144\jre\classes" />
    <property name="env.COMPUTERNAME" value="MCPK01" />
    <property name="env.JOB_DISPLAY_URL" value="http://localhost:8080/job/CalculatorProject/display/redirect" />
    <property name="env.CommonProgramW6432" value="C:\Program Files\Common Files" />
    <property name="env.ALLUSERSPROFILE" value="C:\ProgramData" />
    <property name="sun.desktop" value="windows" />
    <property name="java.vm.specification.vendor" value="Oracle Corporation" />
    <property name="ant.home" value="C:\Eclipse\plugins\org.apache.ant_1.9.6.v201510161327" />
    <property name="java.runtime.version" value="1.8.0_144-b01" />
    <property name="env.BUILD_DISPLAY_NAME" value="#14" />
    <property name="user.name" value="MCPK01$" />
    <property name="env.EmpirumServer" value="BLREMP02.eur.ad.sag" />
    <property name="ant.file.Calculator" value="C:\Users\pk\workspace\Calculator\build.xml" />
    <property name="user.language" value="en" />
    <property name="env.windows_tracing_flags" value="3" />
    <property name="sun.boot.library.path" value="C:\Program Files (x86)\Java\jdk1.8.0_144\jre\bin" />
    <property name="ant.file.type.Calculator" value="file" />
    <property name="ant.project.default-target" value="build" />
    <property name="ant.project.name" value="Calculator" />
    <property name="java.version" value="1.8.0_144" />
    <property name="env.PROCESSOR_IDENTIFIER" value="Intel64 Family 6 Model 61 Stepping 4, GenuineIntel" />
    <property name="user.timezone" value="" />
    <property name="env.NODE_NAME" value="master" />
    <property name="env.TEMP" value="C:\Windows\TEMP" />
    <property name="sun.arch.data.model" value="32" />
    <property name="java.endorsed.dirs" value="C:\Program Files (x86)\Java\jdk1.8.0_144\jre\lib\endorsed" />
    <property name="env.PROCESSOR_ARCHITEW6432" value="AMD64" />
    <property name="env.VSEDEFLOGDIR" value="C:\ProgramData\McAfee\DesktopProtection" />
    <property name="env._JAVACMD" value="C:\Program Files (x86)\Java\jdk1.8.0_144\\bin\java.exe" />
    <property name="sun.cpu.isalist" value="pentium_pro+mmx pentium_pro pentium+mmx pentium i486 i386 i86" />
    <property name="env.JOB_BASE_NAME" value="CalculatorProject" />
    <property name="sun.jnu.encoding" value="Cp1252" />
    <property name="file.encoding.pkg" value="sun.io" />
    <property name="ECLIPSE_HOME" value="../../../../Eclipse/" />
    <property name="file.separator" value="\" />
    <property name="java.specification.name" value="Java Platform API Specification" />
    <property name="java.class.version" value="52.0" />
    <property name="user.country" value="US" />
    <property name="env.BUILD_NUMBER" value="14" />
    <property name="java.home" value="C:\Program Files (x86)\Java\jdk1.8.0_144\jre" />
    <property name="env.EmpirumServicePartition" value="0" />
    <property name="env.PSModulePath" value="C:\Windows\system32\WindowsPowerShell\v1.0\Modules\;c:\Program Files (x86)\Microsoft SQL Server\110\Tools\PowerShell\Modules\" />
    <property name="env.APPDATA" value="C:\Windows\system32\config\systemprofile\AppData\Roaming" />
    <property name="env.PUBLIC" value="C:\Users\Public" />
    <property name="env.windows_tracing_logfile" value="C:\BVTBin\Tests\installpackage\csilogfile.log" />
    <property name="java.vm.info" value="mixed mode" />
    <property name="env.ComSpec" value="C:\Windows\system32\cmd.exe" />
    <property name="env.OS" value="Windows_NT" />
    <property name="env.CommonProgramFiles" value="C:\Program Files (x86)\Common Files" />
    <property name="ant.file" value="C:\Users\pk\workspace\Calculator\build.xml" />
    <property name="os.version" value="6.1" />
    <property name="env.ProgramW6432" value="C:\Program Files" />
    <property name="env._USE_CLASSPATH" value="no" />
    <property name="env.HUDSON_COOKIE" value="969567e0-f771-4d19-899d-26c465e4692f" />
    <property name="path.separator" value=";" />
    <property name="java.vm.version" value="25.144-b01" />
    <property name="env.USERPROFILE" value="C:\Windows\system32\config\systemprofile" />
    <property name="user.variant" value="" />
    <property name="ant.library.dir" value="C:\Eclipse\plugins\org.apache.ant_1.9.6.v201510161327\lib" />
    <property name="junit.output.dir" value="junit" />
    <property name="env.JOB_NAME" value="CalculatorProject" />
    <property name="env.RUN_CHANGES_DISPLAY_URL" value="http://localhost:8080/job/CalculatorProject/14/display/redirect?page=changes" />
    <property name="env.JAVA_HOME" value="C:\Program Files (x86)\Java\jdk1.8.0_144\" />
    <property name="java.awt.printerjob" value="sun.awt.windows.WPrinterJob" />
    <property name="env.TMP" value="C:\Windows\TEMP" />
    <property name="env.WINSW_EXECUTABLE" value="C:\Users\pk\.jenkins\jenkins.exe" />
    <property name="env.SERVICE_ID" value="jenkins" />
    <property name="sun.io.unicode.encoding" value="UnicodeLittle" />
    <property name="awt.toolkit" value="sun.awt.windows.WToolkit" />
    <property name="user.script" value="" />
    <property name="env.HUDSON_URL" value="http://localhost:8080/" />
    <property name="env.BUILD_TAG" value="jenkins-CalculatorProject-14" />
    <property name="target" value="1.8" />
    <property name="user.home" value="C:\Windows\system32\config\systemprofile" />
    <property name="env.JENKINS_HOME" value="C:\Users\pk\.jenkins" />
    <property name="env.ProgramData" value="C:\ProgramData" />
    <property name="env.JOB_URL" value="http://localhost:8080/job/CalculatorProject/" />
    <property name="env.ProgramFiles(x86)" value="C:\Program Files (x86)" />
    <property name="java.specification.vendor" value="Oracle Corporation" />
    <property name="java.vendor.url" value="http://java.oracle.com/" />
    <property name="java.library.path" value="C:\Program Files (x86)\Java\jdk1.8.0_144\jre\bin;C:\Windows\Sun\Java\bin;C:\Windows\system32;C:\Windows;C:\ProgramData\Oracle\Java\javapath;C:\Python35\Scripts\;C:\Python35\;C:\Windows\system32;C:\Windows;C:\Windows\System32\Wbem;C:\Windows\System32\WindowsPowerShell\v1.0\;C:\Windows\SysWOW64\Empirum;c:\Program Files (x86)\Microsoft SQL Server\110\Tools\Binn\;c:\Program Files\Microsoft SQL Server\110\Tools\Binn\;c:\Program Files\Microsoft SQL Server\110\DTS\Binn\;c:\Program Files (x86)\Microsoft SQL Server\110\Tools\Binn\ManagementStudio\;c:\Program Files (x86)\Microsoft SQL Server\110\DTS\Binn\;C:\Program Files\TortoiseSVN\bin;C:\Program Files (x86)\MySQL\MySQL Server 5.7\bin;C:\Program Files\MySQL\MySQL Server 5.5\bin; C:\Gradle\gradle-4.2.1\bin;C:Program Files\Git\cmd;C:\Program Files (x86)\Java\jdk1.8.0_144\bin;C:\Program Files\nodejs\;C:\ANT\apache-ant-1.10.1\bin;;." />
    <property name="env.NUMBER_OF_PROCESSORS" value="4" />
    <property name="env.HUDSON_HOME" value="C:\Users\pk\.jenkins" />
    <property name="env.HUDSON_SERVER_COOKIE" value="3453c49df9e3319c" />
    <property name="java.vm.vendor" value="Oracle Corporation" />
    <property name="java.runtime.name" value="Java(TM) SE Runtime Environment" />
    <property name="ant.version" value="Apache Ant(TM) version 1.9.6 compiled on June 29 2015" />
    <property name="sun.java.command" value="org.apache.tools.ant.taskdefs.optional.junit.JUnitTestRunner calc.CalculatorTests skipNonTests=false filtertrace=true haltOnError=false haltOnFailure=false formatter=org.apache.tools.ant.taskdefs.optional.junit.OutErrSummaryJUnitResultFormatter showoutput=false outputtoformatters=true logfailedtests=true threadid=0 logtestlistenerevents=false formatter=org.apache.tools.ant.taskdefs.optional.junit.XMLJUnitResultFormatter,C:\Users\pk\workspace\Calculator\junit\TEST-calc.CalculatorTests.xml crashfile=C:\Users\pk\workspace\Calculator\junitvmwatcher3070980197580514606.properties propsfile=C:\Users\pk\workspace\Calculator\junit7138172901060469068.properties" />
    <property name="java.class.path" value="C:\Users\pk\workspace\Calculator\bin;C:\Eclipse\plugins\org.junit_4.12.0.v201504281640\junit.jar;C:\Eclipse\plugins\org.hamcrest.core_1.3.0.v201303031735.jar;C:\hamcrest-all-1.3.jar;C:\Eclipse\plugins\org.apache.ant_1.9.6.v201510161327\lib\ant-launcher.jar;C:\Eclipse\plugins\org.apache.ant_1.9.6.v201510161327\lib\ant.jar;C:\Eclipse\plugins\org.apache.ant_1.9.6.v201510161327\lib\ant-junit.jar;C:\Eclipse\plugins\org.apache.ant_1.9.6.v201510161327\lib\ant-junit4.jar" />
    <property name="env.EXECUTOR_NUMBER" value="1" />
    <property name="java.vm.specification.name" value="Java Virtual Machine Specification" />
    <property name="env.WINSW_SERVICE_ID" value="jenkins" />
    <property name="ant.file.type" value="file" />
    <property name="env.windir" value="C:\Windows" />
    <property name="env.PROCESSOR_ARCHITECTURE" value="x86" />
    <property name="java.vm.specification.version" value="1.8" />
    <property name="sun.cpu.endian" value="little" />
    <property name="sun.os.patch.level" value="Service Pack 1" />
    <property name="debuglevel" value="source,lines,vars" />
    <property name="env.ANT_HOME" value="C:\Eclipse\plugins\org.apache.ant_1.9.6.v201510161327" />
    <property name="env.ProgramFiles" value="C:\Program Files (x86)" />
    <property name="java.io.tmpdir" value="C:\Windows\TEMP\" />
    <property name="env.BUILD_URL" value="http://localhost:8080/job/CalculatorProject/14/" />
    <property name="env.PROCESSOR_REVISION" value="3d04" />
    <property name="env.CommonProgramFiles(x86)" value="C:\Program Files (x86)\Common Files" />
    <property name="java.vendor.url.bug" value="http://bugreport.sun.com/bugreport/" />
    <property name="env.SystemRoot" value="C:\Windows" />
    <property name="java.awt.graphicsenv" value="sun.awt.Win32GraphicsEnvironment" />
    <property name="env.ANT_CMD_LINE_ARGS" value=" -file build.xml CalculatorTests" />
    <property name="os.arch" value="x86" />
    <property name="java.ext.dirs" value="C:\Program Files (x86)\Java\jdk1.8.0_144\jre\lib\ext;C:\Windows\Sun\Java\lib\ext" />
    <property name="env.LOCALAPPDATA" value="C:\Windows\system32\config\systemprofile\AppData\Local" />
    <property name="env.BUILD_ID" value="14" />
    <property name="user.dir" value="C:\Users\pk\workspace\Calculator" />
    <property name="line.separator" value="&#xd;&#xa;" />
    <property name="env.JENKINS_URL" value="http://localhost:8080/" />
    <property name="java.vm.name" value="Java HotSpot(TM) Client VM" />
    <property name="env.PATHEXT" value=".COM;.EXE;.BAT;.CMD;.VBS;.VBE;.JS;.JSE;.WSF;.WSH;.MSC;.PY;.PYW" />
    <property name="env.Path" value="C:\ProgramData\Oracle\Java\javapath;C:\Python35\Scripts\;C:\Python35\;C:\Windows\system32;C:\Windows;C:\Windows\System32\Wbem;C:\Windows\System32\WindowsPowerShell\v1.0\;C:\Windows\SysWOW64\Empirum;c:\Program Files (x86)\Microsoft SQL Server\110\Tools\Binn\;c:\Program Files\Microsoft SQL Server\110\Tools\Binn\;c:\Program Files\Microsoft SQL Server\110\DTS\Binn\;c:\Program Files (x86)\Microsoft SQL Server\110\Tools\Binn\ManagementStudio\;c:\Program Files (x86)\Microsoft SQL Server\110\DTS\Binn\;C:\Program Files\TortoiseSVN\bin;C:\Program Files (x86)\MySQL\MySQL Server 5.7\bin;C:\Program Files\MySQL\MySQL Server 5.5\bin; C:\Gradle\gradle-4.2.1\bin;C:Program Files\Git\cmd;C:\Program Files (x86)\Java\jdk1.8.0_144\bin;C:\Program Files\nodejs\;C:\ANT\apache-ant-1.10.1\bin;" />
    <property name="basedir" value="C:\Users\pk\workspace\Calculator" />
    <property name="ant.java.version" value="1.8" />
    <property name="ant.core.lib" value="C:\Eclipse\plugins\org.apache.ant_1.9.6.v201510161327\lib\ant.jar" />
    <property name="env.USERNAME" value="MCPK01$" />
    <property name="source" value="1.8" />
    <property name="env.SystemDrive" value="C:" />
    <property name="file.encoding" value="Cp1252" />
    <property name="env.WORKSPACE" value="C:\Users\pk\.jenkins\workspace\CalculatorProject" />
    <property name="env.USERDOMAIN" value="EUR" />
    <property name="java.specification.version" value="1.8" />
    <property name="env.=C:" value="C:\Users\pk\workspace\Calculator" />
    <property name="ant.project.invoked-targets" value="CalculatorTests" />
    <property name="env.NODE_LABELS" value="master" />
    <property name="env.PROCESSOR_LEVEL" value="6" />
  </properties>
  <testcase classname="calc.CalculatorTests" name="testAddition" time="0.004" />
  <testcase classname="calc.CalculatorTests" name="testSubtraction" time="0.0" />
  <system-out><![CDATA[]]></system-out>
  <system-err><![CDATA[]]></system-err>
</testsuite>
